timestamp: '2026-06-18T06:50:13.532112Z'
pack_id: refresh-health
result: success
validators: []
correlation_id: ad144eca-162a-41fe-92ae-d0865a8bfb54

---
timestamp: '2026-06-18T06:50:13.550899Z'
pack_id: refresh-health
result: success
validators: []
correlation_id: f06a95ac-3195-4c3f-806f-0d08d2bce893

---
timestamp: '2026-06-18T07:06:48.102397Z'
pack_id: refresh-health
result: success
validators: []
correlation_id: 824b918a-e702-4741-84ec-f717535a1176

---
timestamp: '2026-06-18T07:06:48.122421Z'
pack_id: refresh-health
result: success
validators: []
correlation_id: 6e585c0c-4b20-4a36-94ed-4f2477ee1138

---
timestamp: '2026-06-18T07:07:09.955114Z'
pack_id: refresh-health
result: success
validators: []
correlation_id: 59587a0f-1bf6-4944-9a38-d0ac8424dcdc

---
timestamp: '2026-06-18T07:07:09.977621Z'
pack_id: refresh-health
result: success
validators: []
correlation_id: 69840f19-5fa2-42f8-aa98-8a501ff9439f

---
