timestamp: '2026-06-18T06:32:02.413815Z'
pack_id: update-ssot
result: success
validators:
- validator: graph_consistent
  passed: true
  details:
    orphans: []
- validator: ownership_consistent
  passed: true
  details:
    valid: true
correlation_id: 1215aec2-310e-46f6-acbd-8ca91459ebe6

---
timestamp: '2026-06-18T06:32:11.260229Z'
pack_id: update-ssot
result: success
validators:
- validator: graph_consistent
  passed: true
  details:
    orphans: []
- validator: ownership_consistent
  passed: true
  details:
    valid: true
correlation_id: 3e66d207-dfcc-4bcb-8ac0-ec0ddf069c11

---
